<?xml version="1.0" encoding="utf-8" ?>
<!DOCTYPE html PUBLIC "-//W3C//DTD XHTML 1.0 Strict//EN"
        "http://www.w3.org/TR/xhtml1/DTD/xhtml1-strict.dtd">
<html xmlns="http://www.w3.org/1999/xhtml" xml:lang="" lang="">
<head>
  <title>Test Results Report - Drawer Countdown  - US 84</title>
  <meta http-equiv="Content-Type" content="text/html;charset=utf-8" />
  <meta name="description" content="TestNG unit test results." />
  <link href="reportng.css" rel="stylesheet" type="text/css" />
    <script type="text/javascript" src="reportng.js"></script>
</head>
<body>
<h1>Drawer Countdown  - US 84</h1>
<p>
  Test duration: 0.000s
</p>

  <table class="resultsTable configTable">
    <tr><th colspan="3" class="header failedConfig">Failed Configuration</th></tr>
              <tr class="group">
        <td colspan="3">com.mcdebos.ecash.othercashfunctions.groupsales.TestTaxExemptSales</td>
      </tr>
            
<tr>
  <td class="method">
                  setUp
      </td>
  <td class="duration">
    0.000s
  </td>
  <td class="result">
        
          <i>Method arguments: </i><span class="arguments">"firefox", "https://iit.ebos.qsrsoft.com/#"</span><br />
    
        

        <a href="javascript:toggleElement('exception-0', 'block')" title="Click to expand/collapse"><b>org.openqa.selenium.WebDriverException: Failed to connect to binary FirefoxBinary(C:\Program Files (x86)\Mozilla Firefox\firefox.exe) on port 7055; process output follows: <br/>
7}}}<br/>
1460129693923	addons.xpi	DEBUG	Existing add-on fxdriver@googlecode.com in app-profile<br/>
1460129693924	addons.xpi	DEBUG	getModTime: Recursive scan of {972ce4c6-7e08-4474-a285-3208198ce6fd}<br/>
1460129693924	addons.xpi	DEBUG	Existing add-on {972ce4c6-7e08-4474-a285-3208198ce6fd} in app-global<br/>
1460129693925	addons.xpi	DEBUG	Existing add-on meetinglauncher@iconf.net in winreg-app-global<br/>
1460129693925	addons.xpi	DEBUG	Existing add-on {D19CA586-DD6C-4a0a-96F8-14644F340D60} in winreg-app-global<br/>
1460129693925	addons.xpi	DEBUG	getInstallState changed: false, state: {&quot;app-profile&quot;:{&quot;fxdriver@googlecode.com&quot;:{&quot;d&quot;:&quot;C:\\Users\\mc29012\\AppData\\Local\\Temp\\anonymous1654913619038412835webdriver-profile\\extensions\\fxdriver@googlecode.com&quot;,&quot;e&quot;:false,&quot;v&quot;:&quot;2.43.1&quot;,&quot;st&quot;:1460129689921,&quot;mt&quot;:1460129689748}},&quot;app-global&quot;:{&quot;{972ce4c6-7e08-4474-a285-3208198ce6fd}&quot;:{&quot;d&quot;:&quot;C:\\Program Files (x86)\\Mozilla Firefox\\browser\\extensions\\{972ce4c6-7e08-4474-a285-3208198ce6fd}&quot;,&quot;e&quot;:true,&quot;v&quot;:&quot;43.0.1&quot;,&quot;st&quot;:1460059454754,&quot;mt&quot;:1460059454491}},&quot;winreg-app-global&quot;:{&quot;meetinglauncher@iconf.net&quot;:{&quot;d&quot;:&quot;C:\\Program Files (x86)\\Meeting Center\\Modules\\Firefox&quot;,&quot;e&quot;:false,&quot;v&quot;:&quot;4.11.7.288&quot;,&quot;st&quot;:1418334926026,&quot;mt&quot;:1386361972000},&quot;{D19CA586-DD6C-4a0a-96F8-14644F340D60}&quot;:{&quot;d&quot;:&quot;C:\\Program Files (x86)\\Common Files\\McAfee\\SystemCore&quot;,&quot;e&quot;:false,&quot;v&quot;:&quot;15.4.0&quot;,&quot;st&quot;:1449504134335,&quot;mt&quot;:1442842022497}}}<br/>
1460129693927	addons.xpi	DEBUG	No changes found<br/>
1460129693934	addons.manager	DEBUG	Registering shutdown blocker for XPIProvider<br/>
1460129693935	addons.manager	DEBUG	Provider finished startup: XPIProvider<br/>
1460129693935	addons.manager	DEBUG	Starting provider: LightweightThemeManager<br/>
1460129693935	addons.manager	DEBUG	Registering shutdown blocker for LightweightThemeManager<br/>
1460129693935	addons.manager	DEBUG	Provider finished startup: LightweightThemeManager<br/>
1460129693935	addons.manager	DEBUG	Starting provider: GMPProvider<br/>
1460129693941	addons.manager	DEBUG	Registering shutdown blocker for GMPProvider<br/>
1460129693941	addons.manager	DEBUG	Provider finished startup: GMPProvider<br/>
1460129693941	addons.manager	DEBUG	Starting provider: PluginProvider<br/>
1460129693941	addons.manager	DEBUG	Registering shutdown blocker for PluginProvider<br/>
1460129693942	addons.manager	DEBUG	Provider finished startup: PluginProvider<br/>
1460129693942	addons.manager	DEBUG	Completed startup sequence<br/>
1460129694030	addons.xpi-utils	DEBUG	Starting async load of XPI database C:\Users\mc29012\AppData\Local\Temp\anonymous1654913619038412835webdriver-profile\extensions.json<br/>
*** Blocklist::_loadBlocklistFromFile: blocklist is disabled<br/>
1460129694210	addons.manager	DEBUG	Starting provider: &lt;unnamed-provider&gt;<br/>
1460129694210	addons.manager	DEBUG	Registering shutdown blocker for &lt;unnamed-provider&gt;<br/>
1460129694210	addons.manager	DEBUG	Provider finished startup: &lt;unnamed-provider&gt;<br/>
1460129694332	addons.xpi-utils	DEBUG	Async JSON file read took 0 MS<br/>
1460129694332	addons.xpi-utils	DEBUG	Finished async read of XPI database, parsing...<br/>
1460129694333	addons.xpi-utils	DEBUG	Successfully read XPI database<br/>
1460129694406	addons.manager	DEBUG	Starting provider: PreviousExperimentProvider<br/>
1460129694406	addons.manager	DEBUG	Registering shutdown blocker for PreviousExperimentProvider<br/>
1460129694406	addons.manager	DEBUG	Provider finished startup: PreviousExperimentProvider<br/>
1460129717467	addons.manager	DEBUG	shutdown<br/>
1460129717468	addons.manager	DEBUG	Calling shutdown blocker for XPIProvider<br/>
1460129717468	addons.xpi	DEBUG	shutdown<br/>
1460129717468	addons.xpi-utils	DEBUG	shutdown<br/>
1460129717469	addons.manager	DEBUG	Calling shutdown blocker for LightweightThemeManager<br/>
1460129717469	addons.manager	DEBUG	Calling shutdown blocker for GMPProvider<br/>
1460129717471	addons.manager	DEBUG	Calling shutdown blocker for PluginProvider<br/>
1460129717471	addons.manager	DEBUG	Calling shutdown blocker for &lt;unnamed-provider&gt;<br/>
1460129717472	addons.manager	DEBUG	Calling shutdown blocker for PreviousExperimentProvider<br/>
1460129717475	addons.xpi	DEBUG	Notifying XPI shutdown observers<br/>
1460129717479	addons.manager	DEBUG	Async provider shutdown done<br/>
<br/>
Build info: version: &apos;2.43.1&apos;, revision: &apos;5163bce&apos;, time: &apos;2014-09-10 16:27:33&apos;<br/>
System info: host: &apos;LAP-R9LDYD3&apos;, ip: &apos;152.140.154.146&apos;, os.name: &apos;Windows 7&apos;, os.arch: &apos;amd64&apos;, os.version: &apos;6.1&apos;, java.version: &apos;1.8.0_45&apos;<br/>
Driver info: driver.version: FirefoxDriver</b></a><br />
    <div class="stackTrace" id="exception-0">
              org.openqa.selenium.firefox.internal.NewProfileExtensionConnection.start(NewProfileExtensionConnection.java:130)<br />
              org.openqa.selenium.firefox.FirefoxDriver.startClient(FirefoxDriver.java:246)<br />
              org.openqa.selenium.remote.RemoteWebDriver.&lt;init&gt;(RemoteWebDriver.java:114)<br />
              org.openqa.selenium.firefox.FirefoxDriver.&lt;init&gt;(FirefoxDriver.java:193)<br />
              org.openqa.selenium.firefox.FirefoxDriver.&lt;init&gt;(FirefoxDriver.java:186)<br />
              org.openqa.selenium.firefox.FirefoxDriver.&lt;init&gt;(FirefoxDriver.java:182)<br />
              org.openqa.selenium.firefox.FirefoxDriver.&lt;init&gt;(FirefoxDriver.java:95)<br />
              com.mcdebos.ecash.pages.Common.getWebDriver(Common.java:56)<br />
              com.mcdebos.ecash.othercashfunctions.groupsales.TestTaxExemptSales.setUp(TestTaxExemptSales.java:33)<br />
              sun.reflect.NativeMethodAccessorImpl.invoke0(Native Method)<br />
              sun.reflect.NativeMethodAccessorImpl.invoke(Unknown Source)<br />
              sun.reflect.DelegatingMethodAccessorImpl.invoke(Unknown Source)<br />
              java.lang.reflect.Method.invoke(Unknown Source)<br />
              org.testng.internal.MethodInvocationHelper.invokeMethod(MethodInvocationHelper.java:84)<br />
              org.testng.internal.Invoker.invokeConfigurationMethod(Invoker.java:564)<br />
              org.testng.internal.Invoker.invokeConfigurations(Invoker.java:213)<br />
              org.testng.internal.Invoker.invokeMethod(Invoker.java:653)<br />
              org.testng.internal.Invoker.invokeTestMethod(Invoker.java:901)<br />
              org.testng.internal.Invoker.invokeTestMethods(Invoker.java:1231)<br />
              org.testng.internal.TestMethodWorker.invokeTestMethods(TestMethodWorker.java:127)<br />
              org.testng.internal.TestMethodWorker.run(TestMethodWorker.java:111)<br />
              org.testng.TestRunner.privateRun(TestRunner.java:767)<br />
              org.testng.TestRunner.run(TestRunner.java:617)<br />
              org.testng.SuiteRunner.runTest(SuiteRunner.java:334)<br />
              org.testng.SuiteRunner.runSequentially(SuiteRunner.java:329)<br />
              org.testng.SuiteRunner.privateRun(SuiteRunner.java:291)<br />
              org.testng.SuiteRunner.run(SuiteRunner.java:240)<br />
              org.testng.SuiteRunnerWorker.runSuite(SuiteRunnerWorker.java:52)<br />
              org.testng.SuiteRunnerWorker.run(SuiteRunnerWorker.java:86)<br />
              org.testng.TestNG.runSuitesSequentially(TestNG.java:1224)<br />
              org.testng.TestNG.runSuitesLocally(TestNG.java:1149)<br />
              org.testng.TestNG.run(TestNG.java:1057)<br />
              org.testng.remote.RemoteTestNG.run(RemoteTestNG.java:111)<br />
              org.testng.remote.RemoteTestNG.initAndRun(RemoteTestNG.java:204)<br />
              org.testng.remote.RemoteTestNG.main(RemoteTestNG.java:175)<br />
                    <b>Caused by: </b> <a href="javascript:toggleElement('exception-1', 'block')" title="Click to expand/collapse">org.openqa.selenium.firefox.NotConnectedException: Unable to connect to host 127.0.0.1 on port 7055 after 45000 ms. Firefox console output:<br/>
7}}}<br/>
1460129693923	addons.xpi	DEBUG	Existing add-on fxdriver@googlecode.com in app-profile<br/>
1460129693924	addons.xpi	DEBUG	getModTime: Recursive scan of {972ce4c6-7e08-4474-a285-3208198ce6fd}<br/>
1460129693924	addons.xpi	DEBUG	Existing add-on {972ce4c6-7e08-4474-a285-3208198ce6fd} in app-global<br/>
1460129693925	addons.xpi	DEBUG	Existing add-on meetinglauncher@iconf.net in winreg-app-global<br/>
1460129693925	addons.xpi	DEBUG	Existing add-on {D19CA586-DD6C-4a0a-96F8-14644F340D60} in winreg-app-global<br/>
1460129693925	addons.xpi	DEBUG	getInstallState changed: false, state: {&quot;app-profile&quot;:{&quot;fxdriver@googlecode.com&quot;:{&quot;d&quot;:&quot;C:\\Users\\mc29012\\AppData\\Local\\Temp\\anonymous1654913619038412835webdriver-profile\\extensions\\fxdriver@googlecode.com&quot;,&quot;e&quot;:false,&quot;v&quot;:&quot;2.43.1&quot;,&quot;st&quot;:1460129689921,&quot;mt&quot;:1460129689748}},&quot;app-global&quot;:{&quot;{972ce4c6-7e08-4474-a285-3208198ce6fd}&quot;:{&quot;d&quot;:&quot;C:\\Program Files (x86)\\Mozilla Firefox\\browser\\extensions\\{972ce4c6-7e08-4474-a285-3208198ce6fd}&quot;,&quot;e&quot;:true,&quot;v&quot;:&quot;43.0.1&quot;,&quot;st&quot;:1460059454754,&quot;mt&quot;:1460059454491}},&quot;winreg-app-global&quot;:{&quot;meetinglauncher@iconf.net&quot;:{&quot;d&quot;:&quot;C:\\Program Files (x86)\\Meeting Center\\Modules\\Firefox&quot;,&quot;e&quot;:false,&quot;v&quot;:&quot;4.11.7.288&quot;,&quot;st&quot;:1418334926026,&quot;mt&quot;:1386361972000},&quot;{D19CA586-DD6C-4a0a-96F8-14644F340D60}&quot;:{&quot;d&quot;:&quot;C:\\Program Files (x86)\\Common Files\\McAfee\\SystemCore&quot;,&quot;e&quot;:false,&quot;v&quot;:&quot;15.4.0&quot;,&quot;st&quot;:1449504134335,&quot;mt&quot;:1442842022497}}}<br/>
1460129693927	addons.xpi	DEBUG	No changes found<br/>
1460129693934	addons.manager	DEBUG	Registering shutdown blocker for XPIProvider<br/>
1460129693935	addons.manager	DEBUG	Provider finished startup: XPIProvider<br/>
1460129693935	addons.manager	DEBUG	Starting provider: LightweightThemeManager<br/>
1460129693935	addons.manager	DEBUG	Registering shutdown blocker for LightweightThemeManager<br/>
1460129693935	addons.manager	DEBUG	Provider finished startup: LightweightThemeManager<br/>
1460129693935	addons.manager	DEBUG	Starting provider: GMPProvider<br/>
1460129693941	addons.manager	DEBUG	Registering shutdown blocker for GMPProvider<br/>
1460129693941	addons.manager	DEBUG	Provider finished startup: GMPProvider<br/>
1460129693941	addons.manager	DEBUG	Starting provider: PluginProvider<br/>
1460129693941	addons.manager	DEBUG	Registering shutdown blocker for PluginProvider<br/>
1460129693942	addons.manager	DEBUG	Provider finished startup: PluginProvider<br/>
1460129693942	addons.manager	DEBUG	Completed startup sequence<br/>
1460129694030	addons.xpi-utils	DEBUG	Starting async load of XPI database C:\Users\mc29012\AppData\Local\Temp\anonymous1654913619038412835webdriver-profile\extensions.json<br/>
*** Blocklist::_loadBlocklistFromFile: blocklist is disabled<br/>
1460129694210	addons.manager	DEBUG	Starting provider: &lt;unnamed-provider&gt;<br/>
1460129694210	addons.manager	DEBUG	Registering shutdown blocker for &lt;unnamed-provider&gt;<br/>
1460129694210	addons.manager	DEBUG	Provider finished startup: &lt;unnamed-provider&gt;<br/>
1460129694332	addons.xpi-utils	DEBUG	Async JSON file read took 0 MS<br/>
1460129694332	addons.xpi-utils	DEBUG	Finished async read of XPI database, parsing...<br/>
1460129694333	addons.xpi-utils	DEBUG	Successfully read XPI database<br/>
1460129694406	addons.manager	DEBUG	Starting provider: PreviousExperimentProvider<br/>
1460129694406	addons.manager	DEBUG	Registering shutdown blocker for PreviousExperimentProvider<br/>
1460129694406	addons.manager	DEBUG	Provider finished startup: PreviousExperimentProvider<br/>
1460129717467	addons.manager	DEBUG	shutdown<br/>
1460129717468	addons.manager	DEBUG	Calling shutdown blocker for XPIProvider<br/>
1460129717468	addons.xpi	DEBUG	shutdown<br/>
1460129717468	addons.xpi-utils	DEBUG	shutdown<br/>
1460129717469	addons.manager	DEBUG	Calling shutdown blocker for LightweightThemeManager<br/>
1460129717469	addons.manager	DEBUG	Calling shutdown blocker for GMPProvider<br/>
1460129717471	addons.manager	DEBUG	Calling shutdown blocker for PluginProvider<br/>
1460129717471	addons.manager	DEBUG	Calling shutdown blocker for &lt;unnamed-provider&gt;<br/>
1460129717472	addons.manager	DEBUG	Calling shutdown blocker for PreviousExperimentProvider<br/>
1460129717475	addons.xpi	DEBUG	Notifying XPI shutdown observers<br/>
1460129717479	addons.manager	DEBUG	Async provider shutdown done<br/>
</a><br />
        <div class="stackTrace" id="exception-1">
                      org.openqa.selenium.firefox.internal.NewProfileExtensionConnection.start(NewProfileExtensionConnection.java:118)<br />
                      org.openqa.selenium.firefox.FirefoxDriver.startClient(FirefoxDriver.java:246)<br />
                      org.openqa.selenium.remote.RemoteWebDriver.&lt;init&gt;(RemoteWebDriver.java:114)<br />
                      org.openqa.selenium.firefox.FirefoxDriver.&lt;init&gt;(FirefoxDriver.java:193)<br />
                      org.openqa.selenium.firefox.FirefoxDriver.&lt;init&gt;(FirefoxDriver.java:186)<br />
                      org.openqa.selenium.firefox.FirefoxDriver.&lt;init&gt;(FirefoxDriver.java:182)<br />
                      org.openqa.selenium.firefox.FirefoxDriver.&lt;init&gt;(FirefoxDriver.java:95)<br />
                      com.mcdebos.ecash.pages.Common.getWebDriver(Common.java:56)<br />
                      com.mcdebos.ecash.othercashfunctions.groupsales.TestTaxExemptSales.setUp(TestTaxExemptSales.java:33)<br />
                      sun.reflect.NativeMethodAccessorImpl.invoke0(Native Method)<br />
                      sun.reflect.NativeMethodAccessorImpl.invoke(Unknown Source)<br />
                      sun.reflect.DelegatingMethodAccessorImpl.invoke(Unknown Source)<br />
                      java.lang.reflect.Method.invoke(Unknown Source)<br />
                      org.testng.internal.MethodInvocationHelper.invokeMethod(MethodInvocationHelper.java:84)<br />
                      org.testng.internal.Invoker.invokeConfigurationMethod(Invoker.java:564)<br />
                      org.testng.internal.Invoker.invokeConfigurations(Invoker.java:213)<br />
                      org.testng.internal.Invoker.invokeMethod(Invoker.java:653)<br />
                      org.testng.internal.Invoker.invokeTestMethod(Invoker.java:901)<br />
                      org.testng.internal.Invoker.invokeTestMethods(Invoker.java:1231)<br />
                      org.testng.internal.TestMethodWorker.invokeTestMethods(TestMethodWorker.java:127)<br />
                      org.testng.internal.TestMethodWorker.run(TestMethodWorker.java:111)<br />
                      org.testng.TestRunner.privateRun(TestRunner.java:767)<br />
                      org.testng.TestRunner.run(TestRunner.java:617)<br />
                      org.testng.SuiteRunner.runTest(SuiteRunner.java:334)<br />
                      org.testng.SuiteRunner.runSequentially(SuiteRunner.java:329)<br />
                      org.testng.SuiteRunner.privateRun(SuiteRunner.java:291)<br />
                      org.testng.SuiteRunner.run(SuiteRunner.java:240)<br />
                      org.testng.SuiteRunnerWorker.runSuite(SuiteRunnerWorker.java:52)<br />
                      org.testng.SuiteRunnerWorker.run(SuiteRunnerWorker.java:86)<br />
                      org.testng.TestNG.runSuitesSequentially(TestNG.java:1224)<br />
                      org.testng.TestNG.runSuitesLocally(TestNG.java:1149)<br />
                      org.testng.TestNG.run(TestNG.java:1057)<br />
                      org.testng.remote.RemoteTestNG.run(RemoteTestNG.java:111)<br />
                      org.testng.remote.RemoteTestNG.initAndRun(RemoteTestNG.java:204)<br />
                      org.testng.remote.RemoteTestNG.main(RemoteTestNG.java:175)<br />
                  </div>
          </div>
      </td>
</tr>
<tr>
  <td class="method">
                  tearDown
      </td>
  <td class="duration">
    0.000s
  </td>
  <td class="result">
        
    
        

        <a href="javascript:toggleElement('exception-2', 'block')" title="Click to expand/collapse"><b>java.lang.NullPointerException</b></a><br />
    <div class="stackTrace" id="exception-2">
              com.mcdebos.ecash.othercashfunctions.groupsales.TestTaxExemptSales.tearDown(TestTaxExemptSales.java:1003)<br />
              sun.reflect.NativeMethodAccessorImpl.invoke0(Native Method)<br />
              sun.reflect.NativeMethodAccessorImpl.invoke(Unknown Source)<br />
              sun.reflect.DelegatingMethodAccessorImpl.invoke(Unknown Source)<br />
              java.lang.reflect.Method.invoke(Unknown Source)<br />
              org.testng.internal.MethodInvocationHelper.invokeMethod(MethodInvocationHelper.java:84)<br />
              org.testng.internal.Invoker.invokeConfigurationMethod(Invoker.java:564)<br />
              org.testng.internal.Invoker.invokeConfigurations(Invoker.java:213)<br />
              org.testng.internal.Invoker.invokeMethod(Invoker.java:786)<br />
              org.testng.internal.Invoker.invokeTestMethod(Invoker.java:901)<br />
              org.testng.internal.Invoker.invokeTestMethods(Invoker.java:1231)<br />
              org.testng.internal.TestMethodWorker.invokeTestMethods(TestMethodWorker.java:127)<br />
              org.testng.internal.TestMethodWorker.run(TestMethodWorker.java:111)<br />
              org.testng.TestRunner.privateRun(TestRunner.java:767)<br />
              org.testng.TestRunner.run(TestRunner.java:617)<br />
              org.testng.SuiteRunner.runTest(SuiteRunner.java:334)<br />
              org.testng.SuiteRunner.runSequentially(SuiteRunner.java:329)<br />
              org.testng.SuiteRunner.privateRun(SuiteRunner.java:291)<br />
              org.testng.SuiteRunner.run(SuiteRunner.java:240)<br />
              org.testng.SuiteRunnerWorker.runSuite(SuiteRunnerWorker.java:52)<br />
              org.testng.SuiteRunnerWorker.run(SuiteRunnerWorker.java:86)<br />
              org.testng.TestNG.runSuitesSequentially(TestNG.java:1224)<br />
              org.testng.TestNG.runSuitesLocally(TestNG.java:1149)<br />
              org.testng.TestNG.run(TestNG.java:1057)<br />
              org.testng.remote.RemoteTestNG.run(RemoteTestNG.java:111)<br />
              org.testng.remote.RemoteTestNG.initAndRun(RemoteTestNG.java:204)<br />
              org.testng.remote.RemoteTestNG.main(RemoteTestNG.java:175)<br />
                </div>
      </td>
</tr>
    
      </table>



  <table class="resultsTable" width="100%">
    <tr><th colspan="3" class="header skipped">Skipped Tests</th></tr>
          <tr>
        <td colspan="3" class="group">com.mcdebos.ecash.othercashfunctions.groupsales.TestTaxExemptSales</td>
      </tr>
            
<tr>
  <td class="method">
                  <span class="description" title="Verifying user is able to Sort(Ascending/Descending Order) by Tax Exempt Sales entries on cloud app.">sortTaxExemptSalesDetailsByFieldDisplayedOnTaxExemptSalesPage</span>
      </td>
  <td class="duration">
    0.000s
  </td>
  <td class="result">
                               
          <i>Method arguments: </i><span class="arguments">com.mcdebos.ecash.excelutils.GroupSalesData@4c60d6e9</span><br />
    
        

      </td>
</tr>
      </table>

  
</body>
</html>
